0 verbose cli C:\Program Files\nodejs\node.exe C:\Program Files\nodejs\node_modules\npm\bin\npm-cli.js
1 info using npm@10.9.2
2 info using node@v22.14.0
3 silly config load:file:C:\Program Files\nodejs\node_modules\npm\npmrc
4 silly config load:file:C:\Users\mptra\.npmrc
5 silly config load:file:C:\Users\mptra\AppData\Roaming\npm\etc\npmrc
6 verbose title npm i supabase
7 verbose argv "i" "--global" "supabase"
8 verbose logfile logs-max:10 dir:C:\Users\mptra\OneDrive\Desktop\ElariaHQ\%APPDATA%\npm-cache\_logs\2026-01-25T23_53_59_789Z-
9 verbose logfile C:\Users\mptra\OneDrive\Desktop\ElariaHQ\%APPDATA%\npm-cache\_logs\2026-01-25T23_53_59_789Z-debug-0.log
10 silly packumentCache heap:4345298944 maxSize:1086324736 maxEntrySize:543162368
11 silly logfile done cleaning log files
12 silly idealTree buildDeps
13 silly fetch manifest supabase@*
14 silly packumentCache full:https://registry.npmjs.org/supabase cache-miss
15 http fetch GET 200 https://registry.npmjs.org/supabase 299ms (cache miss)
16 silly packumentCache full:https://registry.npmjs.org/supabase set size:undefined disposed:false
17 silly placeDep ROOT supabase@2.72.8 OK for:  want: *
18 silly fetch manifest bin-links@^6.0.0
19 silly packumentCache full:https://registry.npmjs.org/bin-links cache-miss
20 silly fetch manifest https-proxy-agent@^7.0.2
21 silly packumentCache full:https://registry.npmjs.org/https-proxy-agent cache-miss
22 silly fetch manifest node-fetch@^3.3.2
23 silly packumentCache full:https://registry.npmjs.org/node-fetch cache-miss
24 silly fetch manifest tar@7.5.3
25 silly packumentCache full:https://registry.npmjs.org/tar cache-miss
26 http fetch GET 200 https://registry.npmjs.org/npm 530ms
27 http fetch GET 200 https://registry.npmjs.org/https-proxy-agent 156ms (cache miss)
28 silly packumentCache full:https://registry.npmjs.org/https-proxy-agent set size:undefined disposed:false
29 http fetch GET 200 https://registry.npmjs.org/bin-links 186ms (cache miss)
30 silly packumentCache full:https://registry.npmjs.org/bin-links set size:undefined disposed:false
31 http fetch GET 200 https://registry.npmjs.org/tar 208ms (cache miss)
32 silly packumentCache full:https://registry.npmjs.org/tar set size:undefined disposed:false
33 http fetch GET 200 https://registry.npmjs.org/node-fetch 222ms (cache miss)
34 silly packumentCache full:https://registry.npmjs.org/node-fetch set size:undefined disposed:false
35 silly placeDep node_modules/supabase bin-links@6.0.0 OK for: supabase@2.72.8 want: ^6.0.0
36 silly placeDep node_modules/supabase https-proxy-agent@7.0.6 OK for: supabase@2.72.8 want: ^7.0.2
37 silly placeDep node_modules/supabase node-fetch@3.3.2 OK for: supabase@2.72.8 want: ^3.3.2
38 silly placeDep node_modules/supabase tar@7.5.3 OK for: supabase@2.72.8 want: 7.5.3
39 silly fetch manifest cmd-shim@^8.0.0
40 silly packumentCache full:https://registry.npmjs.org/cmd-shim cache-miss
41 silly fetch manifest npm-normalize-package-bin@^5.0.0
42 silly packumentCache full:https://registry.npmjs.org/npm-normalize-package-bin cache-miss
43 silly fetch manifest proc-log@^6.0.0
44 silly packumentCache full:https://registry.npmjs.org/proc-log cache-miss
45 silly fetch manifest read-cmd-shim@^6.0.0
46 silly packumentCache full:https://registry.npmjs.org/read-cmd-shim cache-miss
47 silly fetch manifest write-file-atomic@^7.0.0
48 silly packumentCache full:https://registry.npmjs.org/write-file-atomic cache-miss
49 http fetch GET 200 https://registry.npmjs.org/npm-normalize-package-bin 78ms (cache miss)
50 silly packumentCache full:https://registry.npmjs.org/npm-normalize-package-bin set size:undefined disposed:false
51 silly fetch manifest debug@4
52 silly packumentCache full:https://registry.npmjs.org/debug cache-miss
53 http fetch GET 200 https://registry.npmjs.org/read-cmd-shim 95ms (cache miss)
54 silly packumentCache full:https://registry.npmjs.org/read-cmd-shim set size:undefined disposed:false
55 silly fetch manifest agent-base@^7.1.2
56 silly packumentCache full:https://registry.npmjs.org/agent-base cache-miss
57 http fetch GET 200 https://registry.npmjs.org/proc-log 100ms (cache miss)
58 silly packumentCache full:https://registry.npmjs.org/proc-log set size:undefined disposed:false
59 silly fetch manifest data-uri-to-buffer@^4.0.0
60 silly packumentCache full:https://registry.npmjs.org/data-uri-to-buffer cache-miss
61 http fetch GET 200 https://registry.npmjs.org/write-file-atomic 106ms (cache miss)
62 silly packumentCache full:https://registry.npmjs.org/write-file-atomic set size:undefined disposed:false
63 silly fetch manifest fetch-blob@^3.1.4
64 silly packumentCache full:https://registry.npmjs.org/fetch-blob cache-miss
65 http fetch GET 200 https://registry.npmjs.org/agent-base 54ms (cache miss)
66 silly packumentCache full:https://registry.npmjs.org/agent-base set size:undefined disposed:false
67 silly fetch manifest formdata-polyfill@^4.0.10
68 silly packumentCache full:https://registry.npmjs.org/formdata-polyfill cache-miss
69 http fetch GET 200 https://registry.npmjs.org/debug 74ms (cache miss)
70 silly packumentCache full:https://registry.npmjs.org/debug set size:undefined disposed:false
71 silly fetch manifest chownr@^3.0.0
72 silly packumentCache full:https://registry.npmjs.org/chownr cache-miss
73 http fetch GET 200 https://registry.npmjs.org/data-uri-to-buffer 76ms (cache miss)
74 silly packumentCache full:https://registry.npmjs.org/data-uri-to-buffer set size:undefined disposed:false
75 silly fetch manifest yallist@^5.0.0
76 silly packumentCache full:https://registry.npmjs.org/yallist cache-miss
77 http fetch GET 200 https://registry.npmjs.org/fetch-blob 76ms (cache miss)
78 silly packumentCache full:https://registry.npmjs.org/fetch-blob set size:undefined disposed:false
79 silly fetch manifest minipass@^7.1.2
80 silly packumentCache full:https://registry.npmjs.org/minipass cache-miss
81 http fetch GET 200 https://registry.npmjs.org/cmd-shim 192ms (cache miss)
82 silly packumentCache full:https://registry.npmjs.org/cmd-shim set size:undefined disposed:false
83 silly fetch manifest minizlib@^3.1.0
84 silly packumentCache full:https://registry.npmjs.org/minizlib cache-miss
85 http fetch GET 200 https://registry.npmjs.org/chownr 56ms (cache miss)
86 silly packumentCache full:https://registry.npmjs.org/chownr set size:undefined disposed:false
87 silly fetch manifest @isaacs/fs-minipass@^4.0.0
88 silly packumentCache full:https://registry.npmjs.org/@isaacs%2ffs-minipass cache-miss
89 http fetch GET 200 https://registry.npmjs.org/formdata-polyfill 67ms (cache miss)
90 silly packumentCache full:https://registry.npmjs.org/formdata-polyfill set size:undefined disposed:false
91 http fetch GET 200 https://registry.npmjs.org/minizlib 43ms (cache miss)
92 silly packumentCache full:https://registry.npmjs.org/minizlib set size:undefined disposed:false
93 http fetch GET 200 https://registry.npmjs.org/yallist 61ms (cache miss)
94 silly packumentCache full:https://registry.npmjs.org/yallist set size:undefined disposed:false
95 http fetch GET 200 https://registry.npmjs.org/@isaacs%2ffs-minipass 82ms (cache miss)
96 silly packumentCache full:https://registry.npmjs.org/@isaacs%2ffs-minipass set size:undefined disposed:false
97 http fetch GET 200 https://registry.npmjs.org/minipass 116ms (cache miss)
98 silly packumentCache full:https://registry.npmjs.org/minipass set size:undefined disposed:false
99 silly placeDep node_modules/supabase cmd-shim@8.0.0 OK for: bin-links@6.0.0 want: ^8.0.0
100 silly placeDep node_modules/supabase npm-normalize-package-bin@5.0.0 OK for: bin-links@6.0.0 want: ^5.0.0
101 silly placeDep node_modules/supabase proc-log@6.1.0 OK for: bin-links@6.0.0 want: ^6.0.0
102 silly placeDep node_modules/supabase read-cmd-shim@6.0.0 OK for: bin-links@6.0.0 want: ^6.0.0
103 silly placeDep node_modules/supabase write-file-atomic@7.0.0 OK for: bin-links@6.0.0 want: ^7.0.0
104 silly fetch manifest imurmurhash@^0.1.4
105 silly packumentCache full:https://registry.npmjs.org/imurmurhash cache-miss
106 silly fetch manifest signal-exit@^4.0.1
107 silly packumentCache full:https://registry.npmjs.org/signal-exit cache-miss
108 http fetch GET 200 https://registry.npmjs.org/signal-exit 49ms (cache miss)
109 silly packumentCache full:https://registry.npmjs.org/signal-exit set size:undefined disposed:false
110 http fetch GET 200 https://registry.npmjs.org/imurmurhash 51ms (cache miss)
111 silly packumentCache full:https://registry.npmjs.org/imurmurhash set size:undefined disposed:false
112 silly placeDep node_modules/supabase agent-base@7.1.4 OK for: https-proxy-agent@7.0.6 want: ^7.1.2
113 silly placeDep node_modules/supabase debug@4.4.3 OK for: https-proxy-agent@7.0.6 want: 4
114 silly fetch manifest ms@^2.1.3
115 silly packumentCache full:https://registry.npmjs.org/ms cache-miss
116 http fetch GET 200 https://registry.npmjs.org/ms 91ms (cache miss)
117 silly packumentCache full:https://registry.npmjs.org/ms set size:undefined disposed:false
118 silly placeDep node_modules/supabase ms@2.1.3 OK for: debug@4.4.3 want: ^2.1.3
119 silly placeDep node_modules/supabase data-uri-to-buffer@4.0.1 OK for: node-fetch@3.3.2 want: ^4.0.0
120 silly placeDep node_modules/supabase fetch-blob@3.2.0 OK for: node-fetch@3.3.2 want: ^3.1.4
121 silly placeDep node_modules/supabase formdata-polyfill@4.0.10 OK for: node-fetch@3.3.2 want: ^4.0.10
122 silly fetch manifest node-domexception@^1.0.0
123 silly packumentCache full:https://registry.npmjs.org/node-domexception cache-miss
124 silly fetch manifest web-streams-polyfill@^3.0.3
125 silly packumentCache full:https://registry.npmjs.org/web-streams-polyfill cache-miss
126 http fetch GET 200 https://registry.npmjs.org/web-streams-polyfill 60ms (cache miss)
127 silly packumentCache full:https://registry.npmjs.org/web-streams-polyfill set size:undefined disposed:false
128 http fetch GET 200 https://registry.npmjs.org/node-domexception 62ms (cache miss)
129 silly packumentCache full:https://registry.npmjs.org/node-domexception set size:undefined disposed:false
130 silly placeDep node_modules/supabase node-domexception@1.0.0 OK for: fetch-blob@3.2.0 want: ^1.0.0
131 silly placeDep node_modules/supabase web-streams-polyfill@3.3.3 OK for: fetch-blob@3.2.0 want: ^3.0.3
132 silly placeDep node_modules/supabase @isaacs/fs-minipass@4.0.1 OK for: tar@7.5.3 want: ^4.0.0
133 silly placeDep node_modules/supabase chownr@3.0.0 OK for: tar@7.5.3 want: ^3.0.0
134 silly placeDep node_modules/supabase minipass@7.1.2 OK for: tar@7.5.3 want: ^7.1.2
135 silly placeDep node_modules/supabase minizlib@3.1.0 OK for: tar@7.5.3 want: ^3.1.0
136 silly placeDep node_modules/supabase yallist@5.0.0 OK for: tar@7.5.3 want: ^5.0.0
137 silly fetch manifest minipass@^7.0.4
138 silly packumentCache full:https://registry.npmjs.org/minipass cache-miss
139 http cache https://registry.npmjs.org/minipass 9ms (cache hit)
140 silly packumentCache full:https://registry.npmjs.org/minipass set size:490195 disposed:false
141 silly placeDep node_modules/supabase imurmurhash@0.1.4 OK for: write-file-atomic@7.0.0 want: ^0.1.4
142 silly placeDep node_modules/supabase signal-exit@4.1.0 OK for: write-file-atomic@7.0.0 want: ^4.0.1
143 silly reify moves {}
144 http cache supabase@https://registry.npmjs.org/supabase/-/supabase-2.72.8.tgz 0ms (cache hit)
145 http cache signal-exit@https://registry.npmjs.org/signal-exit/-/signal-exit-4.1.0.tgz 0ms (cache hit)
146 http cache imurmurhash@https://registry.npmjs.org/imurmurhash/-/imurmurhash-0.1.4.tgz 0ms (cache hit)
147 http cache minizlib@https://registry.npmjs.org/minizlib/-/minizlib-3.1.0.tgz 0ms (cache hit)
148 http cache yallist@https://registry.npmjs.org/yallist/-/yallist-5.0.0.tgz 0ms (cache hit)
149 http cache minipass@https://registry.npmjs.org/minipass/-/minipass-7.1.2.tgz 0ms (cache hit)
150 http cache @isaacs/fs-minipass@https://registry.npmjs.org/@isaacs/fs-minipass/-/fs-minipass-4.0.1.tgz 0ms (cache hit)
151 http cache web-streams-polyfill@https://registry.npmjs.org/web-streams-polyfill/-/web-streams-polyfill-3.3.3.tgz 0ms (cache hit)
152 http cache node-domexception@https://registry.npmjs.org/node-domexception/-/node-domexception-1.0.0.tgz 0ms (cache hit)
153 http cache formdata-polyfill@https://registry.npmjs.org/formdata-polyfill/-/formdata-polyfill-4.0.10.tgz 0ms (cache hit)
154 http cache fetch-blob@https://registry.npmjs.org/fetch-blob/-/fetch-blob-3.2.0.tgz 0ms (cache hit)
155 http cache data-uri-to-buffer@https://registry.npmjs.org/data-uri-to-buffer/-/data-uri-to-buffer-4.0.1.tgz 0ms (cache hit)
156 http cache ms@https://registry.npmjs.org/ms/-/ms-2.1.3.tgz 0ms (cache hit)
157 http cache chownr@https://registry.npmjs.org/chownr/-/chownr-3.0.0.tgz 0ms (cache hit)
158 http cache debug@https://registry.npmjs.org/debug/-/debug-4.4.3.tgz 0ms (cache hit)
159 http cache read-cmd-shim@https://registry.npmjs.org/read-cmd-shim/-/read-cmd-shim-6.0.0.tgz 0ms (cache hit)
160 http cache write-file-atomic@https://registry.npmjs.org/write-file-atomic/-/write-file-atomic-7.0.0.tgz 0ms (cache hit)
161 http cache agent-base@https://registry.npmjs.org/agent-base/-/agent-base-7.1.4.tgz 0ms (cache hit)
162 http cache npm-normalize-package-bin@https://registry.npmjs.org/npm-normalize-package-bin/-/npm-normalize-package-bin-5.0.0.tgz 0ms (cache hit)
163 http cache cmd-shim@https://registry.npmjs.org/cmd-shim/-/cmd-shim-8.0.0.tgz 0ms (cache hit)
164 http cache proc-log@https://registry.npmjs.org/proc-log/-/proc-log-6.1.0.tgz 0ms (cache hit)
165 http cache tar@https://registry.npmjs.org/tar/-/tar-7.5.3.tgz 0ms (cache hit)
166 silly tarball no local data for supabase@https://registry.npmjs.org/supabase/-/supabase-2.72.8.tgz. Extracting by manifest.
167 silly tarball no local data for signal-exit@https://registry.npmjs.org/signal-exit/-/signal-exit-4.1.0.tgz. Extracting by manifest.
168 silly tarball no local data for imurmurhash@https://registry.npmjs.org/imurmurhash/-/imurmurhash-0.1.4.tgz. Extracting by manifest.
169 silly tarball no local data for minizlib@https://registry.npmjs.org/minizlib/-/minizlib-3.1.0.tgz. Extracting by manifest.
170 silly tarball no local data for yallist@https://registry.npmjs.org/yallist/-/yallist-5.0.0.tgz. Extracting by manifest.
171 silly tarball no local data for minipass@https://registry.npmjs.org/minipass/-/minipass-7.1.2.tgz. Extracting by manifest.
172 silly tarball no local data for @isaacs/fs-minipass@https://registry.npmjs.org/@isaacs/fs-minipass/-/fs-minipass-4.0.1.tgz. Extracting by manifest.
173 silly tarball no local data for web-streams-polyfill@https://registry.npmjs.org/web-streams-polyfill/-/web-streams-polyfill-3.3.3.tgz. Extracting by manifest.
174 silly tarball no local data for node-domexception@https://registry.npmjs.org/node-domexception/-/node-domexception-1.0.0.tgz. Extracting by manifest.
175 silly tarball no local data for formdata-polyfill@https://registry.npmjs.org/formdata-polyfill/-/formdata-polyfill-4.0.10.tgz. Extracting by manifest.
176 silly tarball no local data for fetch-blob@https://registry.npmjs.org/fetch-blob/-/fetch-blob-3.2.0.tgz. Extracting by manifest.
177 silly tarball no local data for data-uri-to-buffer@https://registry.npmjs.org/data-uri-to-buffer/-/data-uri-to-buffer-4.0.1.tgz. Extracting by manifest.
178 silly tarball no local data for ms@https://registry.npmjs.org/ms/-/ms-2.1.3.tgz. Extracting by manifest.
179 silly tarball no local data for chownr@https://registry.npmjs.org/chownr/-/chownr-3.0.0.tgz. Extracting by manifest.
180 http cache node-fetch@https://registry.npmjs.org/node-fetch/-/node-fetch-3.3.2.tgz 0ms (cache hit)
181 silly tarball no local data for debug@https://registry.npmjs.org/debug/-/debug-4.4.3.tgz. Extracting by manifest.
182 silly tarball no local data for read-cmd-shim@https://registry.npmjs.org/read-cmd-shim/-/read-cmd-shim-6.0.0.tgz. Extracting by manifest.
183 silly tarball no local data for write-file-atomic@https://registry.npmjs.org/write-file-atomic/-/write-file-atomic-7.0.0.tgz. Extracting by manifest.
184 silly tarball no local data for agent-base@https://registry.npmjs.org/agent-base/-/agent-base-7.1.4.tgz. Extracting by manifest.
185 silly tarball no local data for npm-normalize-package-bin@https://registry.npmjs.org/npm-normalize-package-bin/-/npm-normalize-package-bin-5.0.0.tgz. Extracting by manifest.
186 http cache https-proxy-agent@https://registry.npmjs.org/https-proxy-agent/-/https-proxy-agent-7.0.6.tgz 0ms (cache hit)
187 silly tarball no local data for cmd-shim@https://registry.npmjs.org/cmd-shim/-/cmd-shim-8.0.0.tgz. Extracting by manifest.
188 silly tarball no local data for proc-log@https://registry.npmjs.org/proc-log/-/proc-log-6.1.0.tgz. Extracting by manifest.
189 http cache bin-links@https://registry.npmjs.org/bin-links/-/bin-links-6.0.0.tgz 0ms (cache hit)
190 silly tarball no local data for tar@https://registry.npmjs.org/tar/-/tar-7.5.3.tgz. Extracting by manifest.
191 silly tarball no local data for node-fetch@https://registry.npmjs.org/node-fetch/-/node-fetch-3.3.2.tgz. Extracting by manifest.
192 silly tarball no local data for https-proxy-agent@https://registry.npmjs.org/https-proxy-agent/-/https-proxy-agent-7.0.6.tgz. Extracting by manifest.
193 silly tarball no local data for bin-links@https://registry.npmjs.org/bin-links/-/bin-links-6.0.0.tgz. Extracting by manifest.
194 http fetch GET 200 https://registry.npmjs.org/supabase/-/supabase-2.72.8.tgz 222ms (cache miss)
195 http fetch GET 200 https://registry.npmjs.org/imurmurhash/-/imurmurhash-0.1.4.tgz 222ms (cache miss)
196 http fetch GET 200 https://registry.npmjs.org/yallist/-/yallist-5.0.0.tgz 225ms (cache miss)
197 http fetch GET 200 https://registry.npmjs.org/write-file-atomic/-/write-file-atomic-7.0.0.tgz 247ms (cache miss)
198 http fetch GET 200 https://registry.npmjs.org/cmd-shim/-/cmd-shim-8.0.0.tgz 247ms (cache miss)
199 http fetch GET 200 https://registry.npmjs.org/read-cmd-shim/-/read-cmd-shim-6.0.0.tgz 256ms (cache miss)
200 http fetch GET 200 https://registry.npmjs.org/npm-normalize-package-bin/-/npm-normalize-package-bin-5.0.0.tgz 264ms (cache miss)
201 http fetch GET 200 https://registry.npmjs.org/proc-log/-/proc-log-6.1.0.tgz 290ms (cache miss)
202 http fetch GET 200 https://registry.npmjs.org/ms/-/ms-2.1.3.tgz 295ms (cache miss)
203 http fetch GET 200 https://registry.npmjs.org/data-uri-to-buffer/-/data-uri-to-buffer-4.0.1.tgz 304ms (cache miss)
204 http fetch GET 200 https://registry.npmjs.org/fetch-blob/-/fetch-blob-3.2.0.tgz 347ms (cache miss)
205 http fetch GET 200 https://registry.npmjs.org/agent-base/-/agent-base-7.1.4.tgz 345ms (cache miss)
206 http fetch GET 200 https://registry.npmjs.org/formdata-polyfill/-/formdata-polyfill-4.0.10.tgz 358ms (cache miss)
207 http fetch GET 200 https://registry.npmjs.org/https-proxy-agent/-/https-proxy-agent-7.0.6.tgz 339ms (cache miss)
208 http fetch GET 200 https://registry.npmjs.org/chownr/-/chownr-3.0.0.tgz 369ms (cache miss)
209 http fetch GET 200 https://registry.npmjs.org/debug/-/debug-4.4.3.tgz 370ms (cache miss)
210 http fetch GET 200 https://registry.npmjs.org/@isaacs/fs-minipass/-/fs-minipass-4.0.1.tgz 384ms (cache miss)
211 http fetch GET 200 https://registry.npmjs.org/bin-links/-/bin-links-6.0.0.tgz 365ms (cache miss)
212 http fetch GET 200 https://registry.npmjs.org/minizlib/-/minizlib-3.1.0.tgz 398ms (cache miss)
213 http fetch GET 200 https://registry.npmjs.org/node-fetch/-/node-fetch-3.3.2.tgz 375ms (cache miss)
214 http fetch GET 200 https://registry.npmjs.org/minipass/-/minipass-7.1.2.tgz 415ms (cache miss)
215 http fetch GET 200 https://registry.npmjs.org/signal-exit/-/signal-exit-4.1.0.tgz 421ms (cache miss)
216 http fetch GET 200 https://registry.npmjs.org/node-domexception/-/node-domexception-1.0.0.tgz 589ms (cache miss)
217 warn deprecated node-domexception@1.0.0: Use your platform's native DOMException instead
218 http fetch GET 200 https://registry.npmjs.org/web-streams-polyfill/-/web-streams-polyfill-3.3.3.tgz 1231ms (cache miss)
219 http fetch GET 200 https://registry.npmjs.org/tar/-/tar-7.5.3.tgz 1256ms (cache miss)
220 warn deprecated tar@7.5.3: Old versions of tar are not supported, and contain widely publicized security vulnerabilities, which have been fixed in the current version. Please update. Support for old versions may be purchased (at exhorbitant rates) by contacting i@izs.me
221 info run supabase@2.72.8 postinstall node_modules/supabase node scripts/postinstall.js
222 info run supabase@2.72.8 postinstall { code: 1, signal: null }
223 warn cleanup Failed to remove some directories [
223 warn cleanup   [
223 warn cleanup     '\\\\?\\C:\\Users\\mptra\\OneDrive\\Desktop\\ElariaHQ\\%APPDATA%\\npm\\node_modules\\supabase\\node_modules\\yallist',
223 warn cleanup     [Error: EPERM: operation not permitted, rmdir 'C:\Users\mptra\OneDrive\Desktop\ElariaHQ\%APPDATA%\npm\node_modules\supabase\node_modules\yallist\dist'] {
223 warn cleanup       errno: -4048,
223 warn cleanup       code: 'EPERM',
223 warn cleanup       syscall: 'rmdir',
223 warn cleanup       path: 'C:\\Users\\mptra\\OneDrive\\Desktop\\ElariaHQ\\%APPDATA%\\npm\\node_modules\\supabase\\node_modules\\yallist\\dist'
223 warn cleanup     }
223 warn cleanup   ],
223 warn cleanup   [
223 warn cleanup     '\\\\?\\C:\\Users\\mptra\\OneDrive\\Desktop\\ElariaHQ\\%APPDATA%\\npm\\node_modules',
223 warn cleanup     [Error: EPERM: operation not permitted, rmdir 'C:\Users\mptra\OneDrive\Desktop\ElariaHQ\%APPDATA%\npm\node_modules\supabase\node_modules\tar'] {
223 warn cleanup       errno: -4048,
223 warn cleanup       code: 'EPERM',
223 warn cleanup       syscall: 'rmdir',
223 warn cleanup       path: 'C:\\Users\\mptra\\OneDrive\\Desktop\\ElariaHQ\\%APPDATA%\\npm\\node_modules\\supabase\\node_modules\\tar'
223 warn cleanup     }
223 warn cleanup   ]
223 warn cleanup ]
224 verbose stack Error: command failed
224 verbose stack     at promiseSpawn (C:\Program Files\nodejs\node_modules\npm\node_modules\@npmcli\promise-spawn\lib\index.js:22:22)
224 verbose stack     at spawnWithShell (C:\Program Files\nodejs\node_modules\npm\node_modules\@npmcli\promise-spawn\lib\index.js:124:10)
224 verbose stack     at promiseSpawn (C:\Program Files\nodejs\node_modules\npm\node_modules\@npmcli\promise-spawn\lib\index.js:12:12)
224 verbose stack     at runScriptPkg (C:\Program Files\nodejs\node_modules\npm\node_modules\@npmcli\run-script\lib\run-script-pkg.js:77:13)
224 verbose stack     at runScript (C:\Program Files\nodejs\node_modules\npm\node_modules\@npmcli\run-script\lib\run-script.js:9:12)
224 verbose stack     at C:\Program Files\nodejs\node_modules\npm\node_modules\@npmcli\arborist\lib\arborist\rebuild.js:329:17
224 verbose stack     at run (C:\Program Files\nodejs\node_modules\npm\node_modules\promise-call-limit\dist\commonjs\index.js:67:22)
224 verbose stack     at C:\Program Files\nodejs\node_modules\npm\node_modules\promise-call-limit\dist\commonjs\index.js:84:9
224 verbose stack     at new Promise (<anonymous>)
224 verbose stack     at callLimit (C:\Program Files\nodejs\node_modules\npm\node_modules\promise-call-limit\dist\commonjs\index.js:35:69)
225 verbose pkgid supabase@2.72.8
226 error code 1
227 error path C:\Users\mptra\OneDrive\Desktop\ElariaHQ\%APPDATA%\npm\node_modules\supabase
228 error command failed
229 error command C:\WINDOWS\system32\cmd.exe /d /s /c node scripts/postinstall.js
230 error node:internal/modules/run_main:122
230 error     triggerUncaughtException(
230 error     ^
230 error Installing Supabase CLI as a global module is not supported.
230 error Please use one of the supported package managers: https://github.com/supabase/cli#install-the-cli
230 error
230 error (Use `node --trace-uncaught ...` to show where the exception was thrown)
230 error
230 error Node.js v22.14.0
231 silly unfinished npm timer reify 1769385240572
232 silly unfinished npm timer reify:build 1769385243103
233 silly unfinished npm timer build 1769385243103
234 silly unfinished npm timer build:deps 1769385243103
235 silly unfinished npm timer build:run:postinstall 1769385243113
236 silly unfinished npm timer build:run:postinstall:node_modules/supabase 1769385243113
237 verbose cwd C:\Users\mptra\OneDrive\Desktop\ElariaHQ
238 verbose os Windows_NT 10.0.26200
239 verbose node v22.14.0
240 verbose npm  v10.9.2
241 notice
241 notice New major version of npm available! 10.9.2 -> 11.8.0
241 notice Changelog: https://github.com/npm/cli/releases/tag/v11.8.0
241 notice To update run: npm install -g npm@11.8.0
241 notice  { force: true, [Symbol(proc-log.meta)]: true }
242 verbose exit 1
243 verbose code 1
244 error A complete log of this run can be found in: C:\Users\mptra\OneDrive\Desktop\ElariaHQ\%APPDATA%\npm-cache\_logs\2026-01-25T23_53_59_789Z-debug-0.log
